mode: atomic
github.com/renproject/darknode/tx/txutil/txutil.go:16.35,17.21 1 6
github.com/renproject/darknode/tx/txutil/txutil.go:18.9,19.25 1 4
github.com/renproject/darknode/tx/txutil/txutil.go:20.10,21.24 1 2
github.com/renproject/darknode/tx/txutil/txutil.go:29.39,41.16 6 4
github.com/renproject/darknode/tx/txutil/txutil.go:44.2,46.20 2 2
github.com/renproject/darknode/tx/txutil/txutil.go:41.16,42.13 1 0
github.com/renproject/darknode/tx/txutil/txutil.go:49.51,50.21 1 4
github.com/renproject/darknode/tx/txutil/txutil.go:51.9,52.12 1 2
github.com/renproject/darknode/tx/txutil/txutil.go:53.9,54.21 1 2
github.com/renproject/darknode/tx/txutil/txutil.go:55.10,56.21 1 0
github.com/renproject/darknode/tx/txutil/txutil.go:60.53,61.21 1 4
github.com/renproject/darknode/tx/txutil/txutil.go:62.9,63.26 1 0
github.com/renproject/darknode/tx/txutil/txutil.go:64.9,65.28 1 0
github.com/renproject/darknode/tx/txutil/txutil.go:66.9,67.26 1 0
github.com/renproject/darknode/tx/txutil/txutil.go:68.9,69.28 1 0
github.com/renproject/darknode/tx/txutil/txutil.go:70.9,71.26 1 2
github.com/renproject/darknode/tx/txutil/txutil.go:72.10,73.28 1 2
github.com/renproject/darknode/tx/txutil/txutil.go:77.67,78.22 1 4
github.com/renproject/darknode/tx/txutil/txutil.go:79.9,80.65 1 0
github.com/renproject/darknode/tx/txutil/txutil.go:81.9,82.67 1 0
github.com/renproject/darknode/tx/txutil/txutil.go:83.9,84.67 1 0
github.com/renproject/darknode/tx/txutil/txutil.go:85.9,86.67 1 0
github.com/renproject/darknode/tx/txutil/txutil.go:87.9,88.69 1 0
github.com/renproject/darknode/tx/txutil/txutil.go:89.9,90.69 1 2
github.com/renproject/darknode/tx/txutil/txutil.go:91.9,92.53 1 1
github.com/renproject/darknode/tx/txutil/txutil.go:93.9,94.71 1 0
github.com/renproject/darknode/tx/txutil/txutil.go:95.9,96.75 1 0
github.com/renproject/darknode/tx/txutil/txutil.go:97.9,98.54 1 1
github.com/renproject/darknode/tx/txutil/txutil.go:99.10,100.51 1 0
github.com/renproject/darknode/tx/txutil/txutil.go:101.10,102.50 1 0
github.com/renproject/darknode/tx/txutil/txutil.go:110.38,114.2 3 2
github.com/renproject/darknode/tx/txutil/txutil.go:116.44,118.2 1 0
